\BOOKMARK [1][-]{section.1}{\376\377\000C\000l\000a\000s\000s\000i\000f\000i\000e\000r\000s}{}% 1
\BOOKMARK [2][-]{subsection.1.1}{\376\377\000/\000h\000o\000m\000e\000/\000b\000e\000l\000l\000e\0002\000/\000s\000s\000a\000n\000a\000/\000M\000C\0001\0005\000r\000i\000\137\000c\000s\0001\000/\000c\000s\000/\000t\000e\000s\000t\000/\000M\000V\000A\000F\000a\000s\000t\000B\000D\000T\000.\000r\000o\000o\000t}{section.1}% 2
\BOOKMARK [1][-]{section.2}{\376\377\000V\000a\000r\000i\000a\000b\000l\000e\000s}{}% 3
\BOOKMARK [2][-]{subsection.2.1}{\376\377\000I\000m\000p\000o\000r\000t\000a\000n\000c\000e}{section.2}% 4
\BOOKMARK [2][-]{subsection.2.2}{\376\377\000C\000o\000r\000r\000e\000l\000a\000t\000i\000o\000n}{section.2}% 5
\BOOKMARK [2][-]{subsection.2.3}{\376\377\000K\000S\000F\000W\000V\000a\000r\000i\000a\000b\000l\000e\000s\000\050\000h\000s\000o\0000\0001\000\051}{section.2}% 6
\BOOKMARK [2][-]{subsection.2.4}{\376\377\000K\000S\000F\000W\000V\000a\000r\000i\000a\000b\000l\000e\000s\000\050\000h\000s\000o\0002\0000\000\051}{section.2}% 7
\BOOKMARK [2][-]{subsection.2.5}{\376\377\000C\000l\000e\000o\000C\000o\000n\000e\000C\000S\000\050\0002\000\051}{section.2}% 8
\BOOKMARK [2][-]{subsection.2.6}{\376\377\000K\000S\000F\000W\000V\000a\000r\000i\000a\000b\000l\000e\000s\000\050\000h\000o\000o\0000\000\051}{section.2}% 9
\BOOKMARK [2][-]{subsection.2.7}{\376\377\000t\000h\000r\000u\000s\000t\000O\000m}{section.2}% 10
\BOOKMARK [2][-]{subsection.2.8}{\376\377\000K\000S\000F\000W\000V\000a\000r\000i\000a\000b\000l\000e\000s\000\050\000e\000t\000\051}{section.2}% 11
\BOOKMARK [2][-]{subsection.2.9}{\376\377\000C\000l\000e\000o\000C\000o\000n\000e\000C\000S\000\050\0001\000\051}{section.2}% 12
\BOOKMARK [2][-]{subsection.2.10}{\376\377\000c\000o\000s\000T\000B\000z}{section.2}% 13
\BOOKMARK [2][-]{subsection.2.11}{\376\377\000K\000S\000F\000W\000V\000a\000r\000i\000a\000b\000l\000e\000s\000\050\000h\000s\000o\0001\0000\000\051}{section.2}% 14
\BOOKMARK [2][-]{subsection.2.12}{\376\377\000K\000S\000F\000W\000V\000a\000r\000i\000a\000b\000l\000e\000s\000\050\000h\000s\000o\0000\0002\000\051}{section.2}% 15
\BOOKMARK [2][-]{subsection.2.13}{\376\377\000K\000S\000F\000W\000V\000a\000r\000i\000a\000b\000l\000e\000s\000\050\000h\000s\000o\0001\0002\000\051}{section.2}% 16
\BOOKMARK [2][-]{subsection.2.14}{\376\377\000C\000M\000S\000\137\000c\000o\000s\000T\000h\000e\000t\000a}{section.2}% 17
\BOOKMARK [2][-]{subsection.2.15}{\376\377\000t\000h\000r\000u\000s\000t\000B\000m}{section.2}% 18
\BOOKMARK [2][-]{subsection.2.16}{\376\377\000c\000o\000s\000T\000B\000T\000O}{section.2}% 19
\BOOKMARK [2][-]{subsection.2.17}{\376\377\000a\000b\000s\000\137\000q\000r}{section.2}% 20
\BOOKMARK [2][-]{subsection.2.18}{\376\377\000D\000e\000l\000t\000a\000Z}{section.2}% 21
\BOOKMARK [2][-]{subsection.2.19}{\376\377\000R\0002}{section.2}% 22
\BOOKMARK [1][-]{section.3}{\376\377\000C\000l\000a\000s\000s\000i\000f\000i\000e\000r\000\040\000P\000l\000o\000t}{}% 23
\BOOKMARK [1][-]{section.4}{\376\377\000R\000O\000C\000\040\000P\000l\000o\000t}{}% 24
\BOOKMARK [1][-]{section.5}{\376\377\000C\000l\000a\000s\000s\000i\000f\000i\000c\000a\000t\000i\000o\000n\000\040\000R\000e\000s\000u\000l\000t\000s}{}% 25
\BOOKMARK [2][-]{subsection.5.1}{\376\377\000/\000h\000o\000m\000e}{section.5}% 26
\BOOKMARK [1][-]{section.6}{\376\377\000D\000i\000a\000g\000o\000n\000a\000l\000\040\000P\000l\000o\000t}{}% 27
\BOOKMARK [2][-]{subsection.6.1}{\376\377\000/\000h\000o\000m\000e}{section.6}% 28
\BOOKMARK [2][-]{subsection.6.2}{\376\377\000O\000v\000e\000r\000t\000r\000a\000i\000n\000i\000n\000g\000\040\000P\000l\000o\000t}{section.6}% 29
\BOOKMARK [1][-]{section.7}{\376\377\000S\000p\000e\000c\000t\000a\000t\000o\000r\000s}{}% 30
